0 info it worked if it ends with ok
1 verbose cli [ '/usr/bin/node', '/usr/bin/npm', 'start' ]
2 info using npm@3.10.10
3 info using node@v6.14.3
4 verbose run-script [ 'prestart', 'start', 'poststart' ]
5 info lifecycle charting-library-react-js-example-part1@~prestart: charting-library-react-js-example-part1@
6 silly lifecycle charting-library-react-js-example-part1@~prestart: no script for prestart, continuing
7 info lifecycle charting-library-react-js-example-part1@~start: charting-library-react-js-example-part1@
8 verbose lifecycle charting-library-react-js-example-part1@~start: unsafe-perm in lifecycle true
9 verbose lifecycle charting-library-react-js-example-part1@~start: PATH: /usr/lib/node_modules/npm/bin/node-gyp-bin:/home/chartbxm/chartbitxmen/node_modules/.bin:/usr/local/bin:/usr/bin:/usr/local/sbin:/usr/sbin:/home/chartbxm/.local/bin:/home/chartbxm/bin
10 verbose lifecycle charting-library-react-js-example-part1@~start: CWD: /home/chartbxm/chartbitxmen
11 silly lifecycle charting-library-react-js-example-part1@~start: Args: [ '-c', 'react-scripts start' ]
12 silly lifecycle charting-library-react-js-example-part1@~start: Returned: code: 126  signal: null
13 info lifecycle charting-library-react-js-example-part1@~start: Failed to exec start script
14 verbose stack Error: charting-library-react-js-example-part1@ start: `react-scripts start`
14 verbose stack Exit status 126
14 verbose stack     at EventEmitter.<anonymous> (/usr/lib/node_modules/npm/lib/utils/lifecycle.js:255:16)
14 verbose stack     at emitTwo (events.js:106:13)
14 verbose stack     at EventEmitter.emit (events.js:191:7)
14 verbose stack     at ChildProcess.<anonymous> (/usr/lib/node_modules/npm/lib/utils/spawn.js:40:14)
14 verbose stack     at emitTwo (events.js:106:13)
14 verbose stack     at ChildProcess.emit (events.js:191:7)
14 verbose stack     at maybeClose (internal/child_process.js:920:16)
14 verbose stack     at Process.ChildProcess._handle.onexit (internal/child_process.js:230:5)
15 verbose pkgid charting-library-react-js-example-part1@
16 verbose cwd /home/chartbxm/chartbitxmen
17 error Linux 3.10.0-862.3.2.el7.x86_64
18 error argv "/usr/bin/node" "/usr/bin/npm" "start"
19 error node v6.14.3
20 error npm  v3.10.10
21 error code ELIFECYCLE
22 error charting-library-react-js-example-part1@ start: `react-scripts start`
22 error Exit status 126
23 error Failed at the charting-library-react-js-example-part1@ start script 'react-scripts start'.
23 error Make sure you have the latest version of node.js and npm installed.
23 error If you do, this is most likely a problem with the charting-library-react-js-example-part1 package,
23 error not with npm itself.
23 error Tell the author that this fails on your system:
23 error     react-scripts start
23 error You can get information on how to open an issue for this project with:
23 error     npm bugs charting-library-react-js-example-part1
23 error Or if that isn't available, you can get their info via:
23 error     npm owner ls charting-library-react-js-example-part1
23 error There is likely additional logging output above.
24 verbose exit [ 1, true ]
